18:48:04 INFO  : Launching XSDB server: xsdb.bat D:/Vivado/SDK/2015.4/scripts/xsdb/xsdb/xsdb-server.tcl
18:48:07 INFO  : XSDB server has started successfully.
18:48:09 INFO  : Processing command line option -hwspec E:/Projects/3D/project_0506/project_0506.sdk/design_1_wrapper.hdf.
21:02:49 INFO  : Launching XSDB server: xsdb.bat D:/Vivado/SDK/2015.4/scripts/xsdb/xsdb/xsdb-server.tcl
21:02:52 INFO  : XSDB server has started successfully.
21:02:54 INFO  : Processing command line option -hwspec E:/Projects/3D/project_0506/project_0506.sdk/design_1_wrapper.hdf.
21:02:54 INFO  : Checking for hwspec changes in the project design_1_wrapper_hw_platform_0.
21:20:44 INFO  : Registering command handlers for SDK TCF services
21:20:46 INFO  : Launching XSCT server: xsct.bat -interactive E:\Projects\3D\Firmware_z7\project_0506\project_0506.sdk\temp_xsdb_launch_script.tcl
21:20:53 INFO  : XSCT server has started successfully.
21:20:53 INFO  : Successfully done setting XSCT server connection channel  
21:20:58 INFO  : Successfully done setting SDK workspace  
21:20:58 INFO  : Processing command line option -hwspec E:/Projects/3D/Firmware_z7/project_0506/project_0506.sdk/design_1_wrapper.hdf.
21:23:33 INFO  : Registering command handlers for SDK TCF services
21:23:34 INFO  : Launching XSCT server: xsct.bat -interactive E:\Projects\3D\Firmware_z7\project_0506\project_0506.sdk\temp_xsdb_launch_script.tcl
21:23:39 INFO  : XSCT server has started successfully.
21:23:39 INFO  : Successfully done setting XSCT server connection channel  
21:23:39 INFO  : Successfully done setting SDK workspace  
21:23:39 INFO  : Processing command line option -hwspec E:/Projects/3D/Firmware_z7/project_0506/project_0506.sdk/design_1_wrapper.hdf.
21:24:31 ERROR : (XSDB Server)ERROR: [Hsi 55-1594] Core cpu_cortexa9 of version 2.1 not found in repositories

21:24:31 ERROR : (XSDB Server)ERROR: [Hsi 55-1594] Core gpio of version 4.0 not found in repositories
ERROR: [Hsi 55-1594] Core gpio of version 4.0 not found in repositories
ERROR: [Hsi 55-1594] Core gpio of version 4.0 not found in repositories
ERROR: [Hsi 55-1594] Core gpio of version 4.0 not found in repositories
ERROR: [Hsi 55-1594] Core gpio of version 4.0 not found in repositories
ERROR: [Hsi 55-1594] Core gpio of version 4.0 not found in repositories
ERROR: [Hsi 55-1594] Core coresightps_dcc of version 1.2 not found in repositories
ERROR: [Hsi 55-1594] Core devcfg of version 3.3 not found in repositories
ERROR: [Hsi 55-1594] Core dmaps of version 2.1 not found in repositories
ERROR: [Hsi 55-1594] Core dmaps of version 2.1 not found in repositories
ERROR: [Hsi 55-1594] Core scugic of version 3.1 not found in repositories
ERROR: [Hsi 55-1594] Core uartps of version 3.1 not found in repositories
ERROR: [Hsi 55-1594] Core standalone of version 5.3 not found in repositories

21:24:31 ERROR : (XSDB Server)ERROR: [Hsi 55-1452] Error: running open_sw_design.

21:24:31 ERROR :  [Common 17-39] 'hsi::open_sw_design' failed due to earlier errors.
21:24:31 ERROR : (XSDB Server)ERROR: [Hsi 55-1594] Core cpu_cortexa9 of version 2.1 not found in repositories
ERROR: [Hsi 55-1594] Core gpio of version 4.0 not found in repositories

21:24:31 ERROR : (XSDB Server)ERROR: [Hsi 55-1594] Core gpio of version 4.0 not found in repositories
ERROR: [Hsi 55-1594] Core gpio of version 4.0 not found in repositories
ERROR: [Hsi 55-1594] Core gpio of version 4.0 not found in repositories
ERROR: [Hsi 55-1594] Core gpio of version 4.0 not found in repositories
ERROR: [Hsi 55-1594] Core gpio of version 4.0 not found in repositories
ERROR: [Hsi 55-1594] Core coresightps_dcc of version 1.2 not found in repositories
ERROR: [Hsi 55-1594] Core devcfg of version 3.3 not found in repositories
ERROR: [Hsi 55-1594] Core dmaps of version 2.1 not found in repositories
ERROR: [Hsi 55-1594] Core dmaps of version 2.1 not found in repositories
ERROR: [Hsi 55-1594] Core scugic of version 3.1 not found in repositories
ERROR: [Hsi 55-1594] Core uartps of version 3.1 not found in repositories
ERROR: [Hsi 55-1594] Core standalone of version 5.3 not found in repositories
ERROR: [Hsi 55-1452] Error: running open_sw_design.

21:24:31 INFO  : Unable to read in MSS file E:\Projects\3D\Firmware_z7\project_0506\project_0506.sdk\fdm_peek_bsp\system.mss : null
21:24:31 ERROR : Failed to closesw "E:/Projects/3D/Firmware_z7/project_0506/project_0506.sdk/fdm_peek_bsp/system.mss"
Reason: Cannot close sw design 'E:/Projects/3D/Firmware_z7/project_0506/project_0506.sdk/fdm_peek_bsp/system.mss'.
Design is not opened in the current session.


21:24:48 ERROR : (XSDB Server)ERROR: [Hsi 55-1594] Core cpu_cortexa9 of version 2.1 not found in repositories
ERROR: [Hsi 55-1594] Core gpio of version 4.0 not found in repositories
ERROR: [Hsi 55-1594] Core gpio of version 4.0 not found in repositories
ERROR: [Hsi 55-1594] Core gpio of version 4.0 not found in repositories
ERROR: [Hsi 55-1594] Core gpio of version 4.0 not found in repositories
ERROR: [Hsi 55-1594] Core gpio of version 4.0 not found in repositories
ERROR: [Hsi 55-1594] Core gpio of version 4.0 not found in repositories
ERROR: [Hsi 55-1594] Core coresightps_dcc of version 1.2 not found in repositories
ERROR: [Hsi 55-1594] Core devcfg of version 3.3 not found in repositories
ERROR: [Hsi 55-1594] Core dmaps of version 2.1 not found in repositories
ERROR: [Hsi 55-1594] Core dmaps of version 2.1 not found in repositories
ERROR: [Hsi 55-1594] Core scugic of version 3.1 not found in repositories
ERROR: [Hsi 55-1594] Core uartps of version 3.1 not found in repositories
ERROR: [Hsi 55-1594] Core standalone of version 5.3 not found in repositories
ERROR: [Hsi 55-1452] Error: running open_sw_design.

21:24:48 ERROR :  [Common 17-39] 'hsi::open_sw_design' failed due to earlier errors.
21:24:48 ERROR : (XSDB Server)ERROR: [Hsi 55-1594] Core cpu_cortexa9 of version 2.1 not found in repositories

21:24:48 ERROR : (XSDB Server)ERROR: [Hsi 55-1594] Core gpio of version 4.0 not found in repositories
ERROR: [Hsi 55-1594] Core gpio of version 4.0 not found in repositories
ERROR: [Hsi 55-1594] Core gpio of version 4.0 not found in repositories

21:24:48 ERROR : (XSDB Server)ERROR: [Hsi 55-1594] Core gpio of version 4.0 not found in repositories
ERROR: [Hsi 55-1594] Core gpio of version 4.0 not found in repositories

21:24:48 ERROR : (XSDB Server)ERROR: [Hsi 55-1594] Core gpio of version 4.0 not found in repositories

21:24:48 ERROR : (XSDB Server)ERROR: [Hsi 55-1594] Core coresightps_dcc of version 1.2 not found in repositories

21:24:48 ERROR : (XSDB Server)ERROR: [Hsi 55-1594] Core devcfg of version 3.3 not found in repositories

21:24:48 ERROR : (XSDB Server)ERROR: [Hsi 55-1594] Core dmaps of version 2.1 not found in repositories

21:24:48 ERROR : (XSDB Server)ERROR: [Hsi 55-1594] Core dmaps of version 2.1 not found in repositories

21:24:48 ERROR : (XSDB Server)ERROR: [Hsi 55-1594] Core scugic of version 3.1 not found in repositories
ERROR: [Hsi 55-1594] Core uartps of version 3.1 not found in repositories
ERROR: [Hsi 55-1594] Core standalone of version 5.3 not found in repositories
ERROR: [Hsi 55-1452] Error: running open_sw_design.

21:24:48 INFO  : Unable to read in MSS file E:\Projects\3D\Firmware_z7\project_0506\project_0506.sdk\fdm_peek_bsp\system.mss : null
21:24:48 ERROR : Unexpected error occurred during generating bsp sources
java.lang.reflect.InvocationTargetException
	at org.eclipse.jface.operation.ModalContext.run(ModalContext.java:398)
	at org.eclipse.jface.dialogs.ProgressMonitorDialog.run(ProgressMonitorDialog.java:481)
	at org.eclipse.ui.internal.progress.ProgressMonitorJobsDialog.run(ProgressMonitorJobsDialog.java:242)
	at org.eclipse.ui.internal.progress.ProgressManager$3.run(ProgressManager.java:895)
	at org.eclipse.swt.custom.BusyIndicator.showWhile(BusyIndicator.java:70)
	at org.eclipse.ui.internal.progress.ProgressManager.busyCursorWhile(ProgressManager.java:930)
	at org.eclipse.ui.internal.progress.ProgressManager.busyCursorWhile(ProgressManager.java:905)
	at org.eclipse.ui.internal.progress.ProgressManager.run(ProgressManager.java:1078)
	at com.xilinx.sdk.sw.ui.handlers.RegenBspSourcesHandler.execute(RegenBspSourcesHandler.java:124)
	at com.xilinx.sdk.sw.ui.handlers.RegenBspSourcesHandler.execute(RegenBspSourcesHandler.java:78)
	at org.eclipse.ui.internal.handlers.HandlerProxy.execute(HandlerProxy.java:295)
	at org.eclipse.ui.internal.handlers.E4HandlerProxy.execute(E4HandlerProxy.java:90)
	at sun.reflect.NativeMethodAccessorImpl.invoke0(Native Method)
	at sun.reflect.NativeMethodAccessorImpl.invoke(NativeMethodAccessorImpl.java:62)
	at sun.reflect.DelegatingMethodAccessorImpl.invoke(DelegatingMethodAccessorImpl.java:43)
	at java.lang.reflect.Method.invoke(Method.java:498)
	at org.eclipse.e4.core.internal.di.MethodRequestor.execute(MethodRequestor.java:55)
	at org.eclipse.e4.core.internal.di.InjectorImpl.invokeUsingClass(InjectorImpl.java:282)
	at org.eclipse.e4.core.internal.di.InjectorImpl.invoke(InjectorImpl.java:264)
	at org.eclipse.e4.core.contexts.ContextInjectionFactory.invoke(ContextInjectionFactory.java:132)
	at org.eclipse.e4.core.commands.internal.HandlerServiceHandler.execute(HandlerServiceHandler.java:152)
	at org.eclipse.core.commands.Command.executeWithChecks(Command.java:494)
	at org.eclipse.core.commands.ParameterizedCommand.executeWithChecks(ParameterizedCommand.java:488)
	at org.eclipse.e4.core.commands.internal.HandlerServiceImpl.executeHandler(HandlerServiceImpl.java:210)
	at org.eclipse.e4.ui.workbench.renderers.swt.HandledContributionItem.executeItem(HandledContributionItem.java:433)
	at org.eclipse.e4.ui.workbench.renderers.swt.AbstractContributionItem.handleWidgetSelection(AbstractContributionItem.java:454)
	at org.eclipse.e4.ui.workbench.renderers.swt.AbstractContributionItem$3.handleEvent(AbstractContributionItem.java:482)
	at org.eclipse.swt.widgets.EventTable.sendEvent(EventTable.java:84)
	at org.eclipse.swt.widgets.Display.sendEvent(Display.java:4410)
	at org.eclipse.swt.widgets.Widget.sendEvent(Widget.java:1079)
	at org.eclipse.swt.widgets.Display.runDeferredEvents(Display.java:4228)
	at org.eclipse.swt.widgets.Display.readAndDispatch(Display.java:3816)
	at org.eclipse.e4.ui.internal.workbench.swt.PartRenderingEngine$4.run(PartRenderingEngine.java:1121)
	at org.eclipse.core.databinding.observable.Realm.runWithDefault(Realm.java:336)
	at org.eclipse.e4.ui.internal.workbench.swt.PartRenderingEngine.run(PartRenderingEngine.java:1022)
	at org.eclipse.e4.ui.internal.workbench.E4Workbench.createAndRunUI(E4Workbench.java:150)
	at org.eclipse.ui.internal.Workbench$5.run(Workbench.java:687)
	at org.eclipse.core.databinding.observable.Realm.runWithDefault(Realm.java:336)
	at org.eclipse.ui.internal.Workbench.createAndRunWorkbench(Workbench.java:604)
	at org.eclipse.ui.PlatformUI.createAndRunWorkbench(PlatformUI.java:148)
	at org.eclipse.ui.internal.ide.application.IDEApplication.start(IDEApplication.java:138)
	at org.eclipse.equinox.internal.app.EclipseAppHandle.run(EclipseAppHandle.java:196)
	at org.eclipse.core.runtime.internal.adaptor.EclipseAppLauncher.runApplication(EclipseAppLauncher.java:134)
	at org.eclipse.core.runtime.internal.adaptor.EclipseAppLauncher.start(EclipseAppLauncher.java:104)
	at org.eclipse.core.runtime.adaptor.EclipseStarter.run(EclipseStarter.java:388)
	at org.eclipse.core.runtime.adaptor.EclipseStarter.run(EclipseStarter.java:243)
	at sun.reflect.NativeMethodAccessorImpl.invoke0(Native Method)
	at sun.reflect.NativeMethodAccessorImpl.invoke(NativeMethodAccessorImpl.java:62)
	at sun.reflect.DelegatingMethodAccessorImpl.invoke(DelegatingMethodAccessorImpl.java:43)
	at java.lang.reflect.Method.invoke(Method.java:498)
	at org.eclipse.equinox.launcher.Main.invokeFramework(Main.java:673)
	at org.eclipse.equinox.launcher.Main.basicRun(Main.java:610)
	at org.eclipse.equinox.launcher.Main.run(Main.java:1519)
Caused by: java.lang.IllegalArgumentException: Path must include project and resource name: /fdm_peek_bsp
	at org.eclipse.core.runtime.Assert.isLegal(Assert.java:63)
	at org.eclipse.core.internal.resources.Workspace.newResource(Workspace.java:2068)
	at org.eclipse.core.internal.resources.Container.getFolder(Container.java:197)
	at com.xilinx.sdk.sw.ui.handlers.RegenBspSourcesHandler.internalGenerateBsp(RegenBspSourcesHandler.java:169)
	at com.xilinx.sdk.sw.ui.handlers.RegenBspSourcesHandler.access$2(RegenBspSourcesHandler.java:163)
	at com.xilinx.sdk.sw.ui.handlers.RegenBspSourcesHandler$1$1.run(RegenBspSourcesHandler.java:131)
	at org.eclipse.core.internal.resources.Workspace.run(Workspace.java:2240)
	at org.eclipse.core.internal.resources.Workspace.run(Workspace.java:2267)
	at com.xilinx.sdk.sw.ui.handlers.RegenBspSourcesHandler$1.run(RegenBspSourcesHandler.java:135)
	at org.eclipse.jface.operation.ModalContext$ModalContextThread.run(ModalContext.java:119)
21:25:07 ERROR : (XSDB Server)ERROR: [Hsi 55-1594] Core cpu_cortexa9 of version 2.1 not found in repositories

21:25:07 ERROR : (XSDB Server)ERROR: [Hsi 55-1594] Core gpio of version 4.0 not found in repositories
ERROR: [Hsi 55-1594] Core gpio of version 4.0 not found in repositories
ERROR: [Hsi 55-1594] Core gpio of version 4.0 not found in repositories
ERROR: [Hsi 55-1594] Core gpio of version 4.0 not found in repositories
ERROR: [Hsi 55-1594] Core gpio of version 4.0 not found in repositories
ERROR: [Hsi 55-1594] Core gpio of version 4.0 not found in repositories
ERROR: [Hsi 55-1594] Core coresightps_dcc of version 1.2 not found in repositories
ERROR: [Hsi 55-1594] Core devcfg of version 3.3 not found in repositories

21:25:07 ERROR : (XSDB Server)ERROR: [Hsi 55-1594] Core dmaps of version 2.1 not found in repositories
ERROR: [Hsi 55-1594] Core dmaps of version 2.1 not found in repositories
ERROR: [Hsi 55-1594] Core scugic of version 3.1 not found in repositories
ERROR: [Hsi 55-1594] Core uartps of version 3.1 not found in repositories
ERROR: [Hsi 55-1594] Core standalone of version 5.3 not found in repositories

21:25:07 ERROR : (XSDB Server)ERROR: [Hsi 55-1452] Error: running open_sw_design.

21:25:07 ERROR :  [Common 17-39] 'hsi::open_sw_design' failed due to earlier errors.
21:25:07 ERROR : (XSDB Server)ERROR: [Hsi 55-1594] Core cpu_cortexa9 of version 2.1 not found in repositories

21:25:07 ERROR : (XSDB Server)ERROR: [Hsi 55-1594] Core gpio of version 4.0 not found in repositories
ERROR: [Hsi 55-1594] Core gpio of version 4.0 not found in repositories
ERROR: [Hsi 55-1594] Core gpio of version 4.0 not found in repositories
ERROR: [Hsi 55-1594] Core gpio of version 4.0 not found in repositories
ERROR: [Hsi 55-1594] Core gpio of version 4.0 not found in repositories

21:25:07 ERROR : (XSDB Server)ERROR: [Hsi 55-1594] Core gpio of version 4.0 not found in repositories

21:25:07 ERROR : (XSDB Server)ERROR: [Hsi 55-1594] Core coresightps_dcc of version 1.2 not found in repositories

21:25:07 ERROR : (XSDB Server)ERROR: [Hsi 55-1594] Core devcfg of version 3.3 not found in repositories

21:25:07 ERROR : (XSDB Server)ERROR: [Hsi 55-1594] Core dmaps of version 2.1 not found in repositories
ERROR: [Hsi 55-1594] Core dmaps of version 2.1 not found in repositories

21:25:07 ERROR : (XSDB Server)ERROR: [Hsi 55-1594] Core scugic of version 3.1 not found in repositories
ERROR: [Hsi 55-1594] Core uartps of version 3.1 not found in repositories

21:25:07 ERROR : (XSDB Server)ERROR: [Hsi 55-1594] Core standalone of version 5.3 not found in repositories
ERROR: [Hsi 55-1452] Error: running open_sw_design.

21:25:07 INFO  : Unable to read in MSS file E:\Projects\3D\Firmware_z7\project_0506\project_0506.sdk\fdm_peek_bsp\system.mss : null
21:25:07 ERROR : (XSDB Server)ERROR: [Hsi 55-1594] Core cpu_cortexa9 of version 2.1 not found in repositories

21:25:07 ERROR : (XSDB Server)ERROR: [Hsi 55-1594] Core gpio of version 4.0 not found in repositories
ERROR: [Hsi 55-1594] Core gpio of version 4.0 not found in repositories
ERROR: [Hsi 55-1594] Core gpio of version 4.0 not found in repositories
ERROR: [Hsi 55-1594] Core gpio of version 4.0 not found in repositories
ERROR: [Hsi 55-1594] Core gpio of version 4.0 not found in repositories
ERROR: [Hsi 55-1594] Core gpio of version 4.0 not found in repositories
ERROR: [Hsi 55-1594] Core coresightps_dcc of version 1.2 not found in repositories
ERROR: [Hsi 55-1594] Core devcfg of version 3.3 not found in repositories
ERROR: [Hsi 55-1594] Core dmaps of version 2.1 not found in repositories
ERROR: [Hsi 55-1594] Core dmaps of version 2.1 not found in repositories

21:25:07 ERROR : (XSDB Server)ERROR: [Hsi 55-1594] Core scugic of version 3.1 not found in repositories
ERROR: [Hsi 55-1594] Core uartps of version 3.1 not found in repositories
ERROR: [Hsi 55-1594] Core standalone of version 5.3 not found in repositories

21:25:07 ERROR : (XSDB Server)ERROR: [Hsi 55-1452] Error: running open_sw_design.

21:25:07 ERROR : (XSDB Server)ERROR: [Hsi 55-1594] Core cpu_cortexa9 of version 2.1 not found in repositories
ERROR: [Hsi 55-1594] Core gpio of version 4.0 not found in repositories
ERROR: [Hsi 55-1452] Error: running open_sw_design.

21:25:07 ERROR : Failed to get_connected_periphs
Reason: ERROR: [Common 17-55] 'get_property' expects at least one object.
Resolution: If [get_<value>] was used to populate the object, check to make sure this command returns at least one valid object.

21:26:46 ERROR : (XSDB Server)ERROR: [Hsi 55-1452] Error: running open_sw_design.

21:26:46 ERROR :  [Common 17-39] 'hsi::open_sw_design' failed due to earlier errors.
21:26:46 ERROR : (XSDB Server)ERROR: [Hsi 55-1452] Error: running open_sw_design.

21:26:46 INFO  : Unable to read in MSS file E:\Projects\3D\Firmware_z7\project_0506\project_0506.sdk\fdm_peek_bsp\system.mss : null
21:26:46 ERROR : Failed to closesw "E:/Projects/3D/Firmware_z7/project_0506/project_0506.sdk/fdm_peek_bsp/system.mss"
Reason: Cannot close sw design 'E:/Projects/3D/Firmware_z7/project_0506/project_0506.sdk/fdm_peek_bsp/system.mss'.
Design is not opened in the current session.


21:26:52 ERROR : (XSDB Server)ERROR: [Hsi 55-1452] Error: running open_sw_design.

21:26:52 ERROR :  [Common 17-39] 'hsi::open_sw_design' failed due to earlier errors.
21:26:52 ERROR : (XSDB Server)ERROR: [Hsi 55-1452] Error: running open_sw_design.

21:26:52 INFO  : Unable to read in MSS file E:\Projects\3D\Firmware_z7\project_0506\project_0506.sdk\fdm_peek_bsp\system.mss : null
21:26:52 ERROR : Failed to closesw "E:/Projects/3D/Firmware_z7/project_0506/project_0506.sdk/fdm_peek_bsp/system.mss"
Reason: Cannot close sw design 'E:/Projects/3D/Firmware_z7/project_0506/project_0506.sdk/fdm_peek_bsp/system.mss'.
Design is not opened in the current session.


21:29:22 WARN  : Couldn't find target with name: Linux Agent
21:32:13 INFO  : Connected to target on host '127.0.0.1' and port '3121'.
21:32:31 INFO  : ----------------XSDB Script----------------
connect -url tcp:127.0.0.1:3121
----------------End of Script----------------

22:14:39 ERROR : (XSDB Server)ERROR: [Hsi 55-1545] Problem running tcl command ::sw_lwip202_v1_0::lwip_drc : ERROR: No Ethernet MAC cores are addressable from processor ps7_cortexa9_0.  lwIP requires atleast one EMAC (xps_ethernetlite | xps_ll_temac | axi_ethernet | axi_ethernet_buffer | axi_ethernetlite | ps7_ethernet | psu_ethernet ) core  with its interrupt pin connected to the interrupt controller.

    while executing
"error "ERROR: No Ethernet MAC cores are addressable from processor $cpuname.  lwIP requires atleast one EMAC (xps_ethernetlite | xps_ll_temac | axi_et..."
    (procedure "::sw_lwip202_v1_0::lwip_drc" line 65)
    invoked from within
"::sw_lwip202_v1_0::lwip_drc lwip202"
ERROR: [Hsi 55-1440] Error(s) while running DRCs.
ERROR: [Hsi 55-1450] Error: running generate_bsp.

22:14:39 ERROR : Error generating bsp sources: Failed in generating sources
22:14:39 ERROR : Failed to generate sources for BSP project fdm_peek_bsp
org.eclipse.core.runtime.CoreException: Internal error occurred while generating bsp sources. Please check the SDK Log view for further details.
	at com.xilinx.sdk.sw.ui.handlers.RegenBspSourcesHandler.internalGenerateBsp(RegenBspSourcesHandler.java:178)
	at com.xilinx.sdk.sw.ui.handlers.RegenBspSourcesHandler.access$2(RegenBspSourcesHandler.java:163)
	at com.xilinx.sdk.sw.ui.handlers.RegenBspSourcesHandler$1$1.run(RegenBspSourcesHandler.java:131)
	at org.eclipse.core.internal.resources.Workspace.run(Workspace.java:2240)
	at org.eclipse.core.internal.resources.Workspace.run(Workspace.java:2267)
	at com.xilinx.sdk.sw.ui.handlers.RegenBspSourcesHandler$1.run(RegenBspSourcesHandler.java:135)
	at org.eclipse.jface.operation.ModalContext$ModalContextThread.run(ModalContext.java:119)
22:14:54 INFO  : Refreshed build settings on project fdm_peek
22:16:21 ERROR : (XSDB Server)ERROR: [Hsi 55-1545] Problem running tcl command ::sw_lwip202_v1_0::lwip_drc : ERROR: No Ethernet MAC cores are addressable from processor ps7_cortexa9_0.  lwIP requires atleast one EMAC (xps_ethernetlite | xps_ll_temac | axi_ethernet | axi_ethernet_buffer | axi_ethernetlite | ps7_ethernet | psu_ethernet ) core  with its interrupt pin connected to the interrupt controller.

    while executing
"error "ERROR: No Ethernet MAC cores are addressable from processor $cpuname.  lwIP requires atleast one EMAC (xps_ethernetlite | xps_ll_temac | axi_et..."
    (procedure "::sw_lwip202_v1_0::lwip_drc" line 65)
    invoked from within
"::sw_lwip202_v1_0::lwip_drc lwip202"

22:16:21 ERROR : (XSDB Server)ERROR: [Hsi 55-1440] Error(s) while running DRCs.

22:16:21 ERROR : (XSDB Server)ERROR: [Hsi 55-1450] Error: running generate_bsp.

22:16:21 ERROR : Error generating bsp sources: Failed in generating sources
22:16:22 ERROR : Failed to regenerate sources for BSP project fdm_peek_bsp
org.eclipse.core.runtime.CoreException: Internal error occurred while generating bsp sources. Please check the SDK Log view for further details.
	at com.xilinx.sdk.sw.ui.handlers.RegenBspSourcesHandler.internalGenerateBsp(RegenBspSourcesHandler.java:178)
	at com.xilinx.sdk.sw.ui.handlers.RegenBspSourcesHandler.access$2(RegenBspSourcesHandler.java:163)
	at com.xilinx.sdk.sw.ui.handlers.RegenBspSourcesHandler$1$1.run(RegenBspSourcesHandler.java:131)
	at org.eclipse.core.internal.resources.Workspace.run(Workspace.java:2240)
	at org.eclipse.core.internal.resources.Workspace.run(Workspace.java:2267)
	at com.xilinx.sdk.sw.ui.handlers.RegenBspSourcesHandler$1.run(RegenBspSourcesHandler.java:135)
	at org.eclipse.jface.operation.ModalContext$ModalContextThread.run(ModalContext.java:119)
22:17:01 INFO  : No changes in MSS file content so not generating sources.
22:17:09 ERROR : (XSDB Server)ERROR: [Hsi 55-1545] Problem running tcl command ::sw_lwip202_v1_0::lwip_drc : ERROR: No Ethernet MAC cores are addressable from processor ps7_cortexa9_0.  lwIP requires atleast one EMAC (xps_ethernetlite | xps_ll_temac | axi_ethernet | axi_ethernet_buffer | axi_ethernetlite | ps7_ethernet | psu_ethernet ) core  with its interrupt pin connected to the interrupt controller.

    while executing
"error "ERROR: No Ethernet MAC cores are addressable from processor $cpuname.  lwIP requires atleast one EMAC (xps_ethernetlite | xps_ll_temac | axi_et..."
    (procedure "::sw_lwip202_v1_0::lwip_drc" line 65)
    invoked from within
"::sw_lwip202_v1_0::lwip_drc lwip202"

22:17:09 ERROR : (XSDB Server)ERROR: [Hsi 55-1440] Error(s) while running DRCs.

22:17:09 ERROR : (XSDB Server)ERROR: [Hsi 55-1450] Error: running generate_bsp.

22:17:09 ERROR : Error generating bsp sources: Failed in generating sources
22:17:10 ERROR : Failed to regenerate sources for BSP project fdm_peek_bsp
org.eclipse.core.runtime.CoreException: Internal error occurred while generating bsp sources. Please check the SDK Log view for further details.
	at com.xilinx.sdk.sw.ui.handlers.RegenBspSourcesHandler.internalGenerateBsp(RegenBspSourcesHandler.java:178)
	at com.xilinx.sdk.sw.ui.handlers.RegenBspSourcesHandler.access$2(RegenBspSourcesHandler.java:163)
	at com.xilinx.sdk.sw.ui.handlers.RegenBspSourcesHandler$1$1.run(RegenBspSourcesHandler.java:131)
	at org.eclipse.core.internal.resources.Workspace.run(Workspace.java:2240)
	at org.eclipse.core.internal.resources.Workspace.run(Workspace.java:2267)
	at com.xilinx.sdk.sw.ui.handlers.RegenBspSourcesHandler$1.run(RegenBspSourcesHandler.java:135)
	at org.eclipse.jface.operation.ModalContext$ModalContextThread.run(ModalContext.java:119)
22:55:12 INFO  : The new hardware specification file contains the same information as the current specification file. No changes were done to the workspace.
22:55:17 INFO  : Apm configuration has been updated and stored to 'E:\Projects\3D\Firmware_z7\project_0506\project_0506.sdk\design_1_wrapper_hw_platform_0\apmconfigs\apm_default.json' for the project 'design_1_wrapper_hw_platform_0'
08:06:36 INFO  : Registering command handlers for SDK TCF services
08:06:37 INFO  : Launching XSCT server: xsct.bat -interactive E:\Projects\3D\Firmware_z7\project_0506\project_0506.sdk\temp_xsdb_launch_script.tcl
08:06:40 INFO  : XSCT server has started successfully.
08:06:45 INFO  : Successfully done setting XSCT server connection channel  
08:06:45 INFO  : Successfully done setting SDK workspace  
08:06:45 INFO  : Processing command line option -hwspec E:/Projects/3D/Firmware_z7/project_0506/project_0506.sdk/design_1_wrapper.hdf.
08:06:45 INFO  : Checking for hwspec changes in the project design_1_wrapper_hw_platform_0.
